<?xml version="1.0" encoding="UTF-8"?>
<!-- Generated by org.testng.reporters.JUnitXMLReporter -->
<testsuite hostname="LAPTOP-T55UJABO" ignored="0" name="Regression" tests="5" failures="0" timestamp="2022-05-12T22:04:34 BST" time="28.8" errors="0">
  <testcase name="bankManagerShouldAddCustomerSuccessfully" time="1.475" classname="com.bank.testsuite.BankTest"/>
  <testcase name="bankManagerShouldOpenAccountSuccessfully" time="1.367" classname="com.bank.testsuite.BankTest"/>
  <testcase name="customerShouldLoginAndLogoutSuccessfully" time="1.265" classname="com.bank.testsuite.BankTest"/>
  <testcase name="customerShouldDepositMoneySuccessfully" time="1.598" classname="com.bank.testsuite.BankTest"/>
  <testcase name="customerShouldWithdrawMoneySuccessfully" time="3.902" classname="com.bank.testsuite.BankTest"/>
</testsuite> <!-- Regression -->
