<?xml version="1.0" encoding="UTF-8"?>
<testsuite name="Regression"
           tests="5"
           failures="0"
           errors="0"
           skipped="0"
           time="9.607">
  <properties />
  
  
            <testcase name="customerShouldLoginAndLogoutSuccessfully" time="1.265" classname="com.bank.testsuite.BankTest" />
                <testcase name="customerShouldDepositMoneySuccessfully" time="1.598" classname="com.bank.testsuite.BankTest" />
                <testcase name="bankManagerShouldAddCustomerSuccessfully" time="1.475" classname="com.bank.testsuite.BankTest" />
                <testcase name="customerShouldWithdrawMoneySuccessfully" time="3.902" classname="com.bank.testsuite.BankTest" />
                <testcase name="bankManagerShouldOpenAccountSuccessfully" time="1.367" classname="com.bank.testsuite.BankTest" />
      
</testsuite>
